[debug] [2020-12-13T17:04:30.094Z] ----------------------------------------------------------------------
[debug] [2020-12-13T17:04:30.096Z] Command:       C:\Program Files\nodejs\node.exe C:\Users\Admin\AppData\Roaming\npm\node_modules\firebase-tools\lib\bin\firebase.js login --interactive
[debug] [2020-12-13T17:04:30.096Z] CLI Version:   8.19.0
[debug] [2020-12-13T17:04:30.096Z] Platform:      win32
[debug] [2020-12-13T17:04:30.096Z] Node Version:  v13.14.0
[debug] [2020-12-13T17:04:30.097Z] Time:          Sun Dec 13 2020 18:04:30 GMT+0100 (heure normale d’Europe centrale)
[debug] [2020-12-13T17:04:30.098Z] ----------------------------------------------------------------------
[debug] [2020-12-13T17:04:30.098Z] 
[info] i  Firebase optionally collects CLI usage and error reporting information to help improve our products. Data is collected in accordance with Google's privacy policy (https://policies.google.com/privacy) and is not used to identify you.
 
[info] i  To change your data collection preference at any time, run `firebase logout` and log in again. 
[info] 
[info] Visit this URL on this device to log in:
[info] https://accounts.google.com/o/oauth2/auth?client_id=563584335869-fgrhgmd47bqnekij5i8b5pr03ho849e6.apps.googleusercontent.com&scope=email%20openid%20https%3A%2F%2Fwww.googleapis.com%2Fauth%2Fcloudplatformprojects.readonly%20https%3A%2F%2Fwww.googleapis.com%2Fauth%2Ffirebase%20https%3A%2F%2Fwww.googleapis.com%2Fauth%2Fcloud-platform&response_type=code&state=278826531&redirect_uri=http%3A%2F%2Flocalhost%3A9005
[info] 
[info] Waiting for authentication...
[debug] [2020-12-13T17:04:34.025Z] Error: spawn cmd ENOENT
    at Process.ChildProcess._handle.onexit (internal/child_process.js:267:19)
    at onErrorNT (internal/child_process.js:467:16)
    at processTicksAndRejections (internal/process/task_queues.js:84:21)
[error] 
[error] Error: An unexpected error has occurred.
